# JRE version: OpenJDK Runtime Environment Temurin-17.0.13+11 (17.0.13+11) (build 17.0.13+11)
# Java VM: OpenJDK 64-Bit Server VM Temurin-17.0.13+11 (17.0.13+11, mixed mode, tiered, compressed oops, compressed class ptrs, parallel gc, windows-amd64)
GC Precious Log:
 CPUs: 4 total, 4 available
 Memory: 2599M
 Large Page Support: Disabled
 NUMA Support: Disabled
 Compressed Oops: Enabled (32-bit)
 Alignments: Space 512K, Generation 512K, Heap 2M
 Heap Min Capacity: 100M
 Heap Initial Capacity: 100M
 Heap Max Capacity: 1G
 Pre-touch: Disabled
 Parallel Workers: 4
Heap:
 PSYoungGen      total 23552K, used 18542K [0x00000000eab00000, 0x00000000ec680000, 0x0000000100000000)
  eden space 20992K, 76% used [0x00000000eab00000,0x00000000eba9e368,0x00000000ebf80000)
  from space 2560K, 99% used [0x00000000ec400000,0x00000000ec67d7a0,0x00000000ec680000)
  to   space 3072K, 0% used [0x00000000ec080000,0x00000000ec080000,0x00000000ec380000)
 ParOldGen       total 68608K, used 57580K [0x00000000c0000000, 0x00000000c4300000, 0x00000000eab00000)
  object space 68608K, 83% used [0x00000000c0000000,0x00000000c383b178,0x00000000c4300000)
 Metaspace       used 68435K, committed 69568K, reserved 1114112K
  class space    used 7326K, committed 7808K, reserved 1048576K
GC Heap History (20 events):
Event: 65.004 GC heap before
{Heap before GC invocations=32 (full 3):
 PSYoungGen      total 22528K, used 22368K [0x00000000eab00000, 0x00000000ec480000, 0x0000000100000000)
  eden space 21504K, 100% used [0x00000000eab00000,0x00000000ec000000,0x00000000ec000000)
  from space 1024K, 84% used [0x00000000ec380000,0x00000000ec458000,0x00000000ec480000)
  to   space 1536K, 0% used [0x00000000ec180000,0x00000000ec180000,0x00000000ec300000)
 ParOldGen       total 68608K, used 34582K [0x00000000c0000000, 0x00000000c4300000, 0x00000000eab00000)
  object space 68608K, 50% used [0x00000000c0000000,0x00000000c21c5860,0x00000000c4300000)
 Metaspace       used 63539K, committed 64704K, reserved 1114112K
  class space    used 6791K, committed 7296K, reserved 1048576K
}
Event: 65.051 GC heap after
{Heap after GC invocations=32 (full 3):
 PSYoungGen      total 23040K, used 1520K [0x00000000eab00000, 0x00000000ec700000, 0x0000000100000000)
  eden space 21504K, 0% used [0x00000000eab00000,0x00000000eab00000,0x00000000ec000000)
  from space 1536K, 98% used [0x00000000ec180000,0x00000000ec2fc050,0x00000000ec300000)
  to   space 3584K, 0% used [0x00000000ec380000,0x00000000ec380000,0x00000000ec700000)
 ParOldGen       total 68608K, used 36201K [0x00000000c0000000, 0x00000000c4300000, 0x00000000eab00000)
  object space 68608K, 52% used [0x00000000c0000000,0x00000000c235a498,0x00000000c4300000)
 Metaspace       used 63539K, committed 64704K, reserved 1114112K
  class space    used 6791K, committed 7296K, reserved 1048576K
}
Event: 65.352 GC heap before
{Heap before GC invocations=33 (full 3):
 PSYoungGen      total 23040K, used 23024K [0x00000000eab00000, 0x00000000ec700000, 0x0000000100000000)
  eden space 21504K, 100% used [0x00000000eab00000,0x00000000ec000000,0x00000000ec000000)
  from space 1536K, 98% used [0x00000000ec180000,0x00000000ec2fc050,0x00000000ec300000)
  to   space 3584K, 0% used [0x00000000ec380000,0x00000000ec380000,0x00000000ec700000)
 ParOldGen       total 68608K, used 36201K [0x00000000c0000000, 0x00000000c4300000, 0x00000000eab00000)
  object space 68608K, 52% used [0x00000000c0000000,0x00000000c235a498,0x00000000c4300000)
 Metaspace       used 64193K, committed 65408K, reserved 1114112K
  class space    used 6876K, committed 7424K, reserved 1048576K
}
Event: 65.361 GC heap after
{Heap after GC invocations=33 (full 3):
 PSYoungGen      total 24064K, used 2065K [0x00000000eab00000, 0x00000000ec600000, 0x0000000100000000)
  eden space 21504K, 0% used [0x00000000eab00000,0x00000000eab00000,0x00000000ec000000)
  from space 2560K, 80% used [0x00000000ec380000,0x00000000ec584420,0x00000000ec600000)
  to   space 2560K, 0% used [0x00000000ec100000,0x00000000ec100000,0x00000000ec380000)
 ParOldGen       total 68608K, used 37697K [0x00000000c0000000, 0x00000000c4300000, 0x00000000eab00000)
  object space 68608K, 54% used [0x00000000c0000000,0x00000000c24d04f8,0x00000000c4300000)
 Metaspace       used 64193K, committed 65408K, reserved 1114112K
  class space    used 6876K, committed 7424K, reserved 1048576K
}
Event: 65.618 GC heap before
{Heap before GC invocations=34 (full 3):
 PSYoungGen      total 24064K, used 23569K [0x00000000eab00000, 0x00000000ec600000, 0x0000000100000000)
  eden space 21504K, 100% used [0x00000000eab00000,0x00000000ec000000,0x00000000ec000000)
  from space 2560K, 80% used [0x00000000ec380000,0x00000000ec584420,0x00000000ec600000)
  to   space 2560K, 0% used [0x00000000ec100000,0x00000000ec100000,0x00000000ec380000)
 ParOldGen       total 68608K, used 37697K [0x00000000c0000000, 0x00000000c4300000, 0x00000000eab00000)
  object space 68608K, 54% used [0x00000000c0000000,0x00000000c24d04f8,0x00000000c4300000)
 Metaspace       used 64533K, committed 65728K, reserved 1114112K
  class space    used 6907K, committed 7424K, reserved 1048576K
}
Event: 65.627 GC heap after
{Heap after GC invocations=34 (full 3):
 PSYoungGen      total 24064K, used 2082K [0x00000000eab00000, 0x00000000ec500000, 0x0000000100000000)
  eden space 21504K, 0% used [0x00000000eab00000,0x00000000eab00000,0x00000000ec000000)
  from space 2560K, 81% used [0x00000000ec100000,0x00000000ec308800,0x00000000ec380000)
  to   space 1536K, 0% used [0x00000000ec380000,0x00000000ec380000,0x00000000ec500000)
 ParOldGen       total 68608K, used 39633K [0x00000000c0000000, 0x00000000c4300000, 0x00000000eab00000)
  object space 68608K, 57% used [0x00000000c0000000,0x00000000c26b4518,0x00000000c4300000)
 Metaspace       used 64533K, committed 65728K, reserved 1114112K
  class space    used 6907K, committed 7424K, reserved 1048576K
}
Event: 66.066 GC heap before
{Heap before GC invocations=35 (full 3):
 PSYoungGen      total 24064K, used 23586K [0x00000000eab00000, 0x00000000ec500000, 0x0000000100000000)
  eden space 21504K, 100% used [0x00000000eab00000,0x00000000ec000000,0x00000000ec000000)
  from space 2560K, 81% used [0x00000000ec100000,0x00000000ec308800,0x00000000ec380000)
  to   space 1536K, 0% used [0x00000000ec380000,0x00000000ec380000,0x00000000ec500000)
 ParOldGen       total 68608K, used 39633K [0x00000000c0000000, 0x00000000c4300000, 0x00000000eab00000)
  object space 68608K, 57% used [0x00000000c0000000,0x00000000c26b4518,0x00000000c4300000)
 Metaspace       used 64768K, committed 65920K, reserved 1114112K
  class space    used 6928K, committed 7424K, reserved 1048576K
}
Event: 66.072 GC heap after
{Heap after GC invocations=35 (full 3):
 PSYoungGen      total 22528K, used 1504K [0x00000000eab00000, 0x00000000ec800000, 0x0000000100000000)
  eden space 20992K, 0% used [0x00000000eab00000,0x00000000eab00000,0x00000000ebf80000)
  from space 1536K, 97% used [0x00000000ec380000,0x00000000ec4f8010,0x00000000ec500000)
  to   space 4096K, 0% used [0x00000000ebf80000,0x00000000ebf80000,0x00000000ec380000)
 ParOldGen       total 68608K, used 41723K [0x00000000c0000000, 0x00000000c4300000, 0x00000000eab00000)
  object space 68608K, 60% used [0x00000000c0000000,0x00000000c28befb8,0x00000000c4300000)
 Metaspace       used 64768K, committed 65920K, reserved 1114112K
  class space    used 6928K, committed 7424K, reserved 1048576K
}
Event: 66.587 GC heap before
{Heap before GC invocations=36 (full 3):
 PSYoungGen      total 22528K, used 22496K [0x00000000eab00000, 0x00000000ec800000, 0x0000000100000000)
  eden space 20992K, 100% used [0x00000000eab00000,0x00000000ebf80000,0x00000000ebf80000)
  from space 1536K, 97% used [0x00000000ec380000,0x00000000ec4f8010,0x00000000ec500000)
  to   space 4096K, 0% used [0x00000000ebf80000,0x00000000ebf80000,0x00000000ec380000)
 ParOldGen       total 68608K, used 41723K [0x00000000c0000000, 0x00000000c4300000, 0x00000000eab00000)
  object space 68608K, 60% used [0x00000000c0000000,0x00000000c28befb8,0x00000000c4300000)
 Metaspace       used 65086K, committed 66304K, reserved 1114112K
  class space    used 6943K, committed 7488K, reserved 1048576K
}
Event: 66.613 GC heap after
{Heap after GC invocations=36 (full 3):
 PSYoungGen      total 24064K, used 2973K [0x00000000eab00000, 0x00000000ec680000, 0x0000000100000000)
  eden space 20992K, 0% used [0x00000000eab00000,0x00000000eab00000,0x00000000ebf80000)
  from space 3072K, 96% used [0x00000000ebf80000,0x00000000ec2675f8,0x00000000ec280000)
  to   space 3584K, 0% used [0x00000000ec300000,0x00000000ec300000,0x00000000ec680000)
 ParOldGen       total 68608K, used 43150K [0x00000000c0000000, 0x00000000c4300000, 0x00000000eab00000)
  object space 68608K, 62% used [0x00000000c0000000,0x00000000c2a23b80,0x00000000c4300000)
 Metaspace       used 65086K, committed 66304K, reserved 1114112K
  class space    used 6943K, committed 7488K, reserved 1048576K
}
Event: 66.826 GC heap before
{Heap before GC invocations=37 (full 3):
 PSYoungGen      total 24064K, used 23945K [0x00000000eab00000, 0x00000000ec680000, 0x0000000100000000)
  eden space 20992K, 99% used [0x00000000eab00000,0x00000000ebf7b150,0x00000000ebf80000)
  from space 3072K, 96% used [0x00000000ebf80000,0x00000000ec2675f8,0x00000000ec280000)
  to   space 3584K, 0% used [0x00000000ec300000,0x00000000ec300000,0x00000000ec680000)
 ParOldGen       total 68608K, used 43150K [0x00000000c0000000, 0x00000000c4300000, 0x00000000eab00000)
  object space 68608K, 62% used [0x00000000c0000000,0x00000000c2a23b80,0x00000000c4300000)
 Metaspace       used 65221K, committed 66432K, reserved 1114112K
  class space    used 6954K, committed 7488K, reserved 1048576K
}
Event: 66.838 GC heap after
{Heap after GC invocations=37 (full 3):
 PSYoungGen      total 24064K, used 2739K [0x00000000eab00000, 0x00000000ec600000, 0x0000000100000000)
  eden space 20992K, 0% used [0x00000000eab00000,0x00000000eab00000,0x00000000ebf80000)
  from space 3072K, 89% used [0x00000000ec300000,0x00000000ec5acde0,0x00000000ec600000)
  to   space 3072K, 0% used [0x00000000ebf80000,0x00000000ebf80000,0x00000000ec280000)
 ParOldGen       total 68608K, used 45987K [0x00000000c0000000, 0x00000000c4300000, 0x00000000eab00000)
  object space 68608K, 67% used [0x00000000c0000000,0x00000000c2ce8f88,0x00000000c4300000)
 Metaspace       used 65221K, committed 66432K, reserved 1114112K
  class space    used 6954K, committed 7488K, reserved 1048576K
}
Event: 67.280 GC heap before
{Heap before GC invocations=38 (full 3):
 PSYoungGen      total 24064K, used 23731K [0x00000000eab00000, 0x00000000ec600000, 0x0000000100000000)
  eden space 20992K, 100% used [0x00000000eab00000,0x00000000ebf80000,0x00000000ebf80000)
  from space 3072K, 89% used [0x00000000ec300000,0x00000000ec5acde0,0x00000000ec600000)
  to   space 3072K, 0% used [0x00000000ebf80000,0x00000000ebf80000,0x00000000ec280000)
 ParOldGen       total 68608K, used 45987K [0x00000000c0000000, 0x00000000c4300000, 0x00000000eab00000)
  object space 68608K, 67% used [0x00000000c0000000,0x00000000c2ce8f88,0x00000000c4300000)
 Metaspace       used 65429K, committed 66624K, reserved 1114112K
  class space    used 6975K, committed 7488K, reserved 1048576K
}
Event: 67.370 GC heap after
{Heap after GC invocations=38 (full 3):
 PSYoungGen      total 24064K, used 3049K [0x00000000eab00000, 0x00000000ecc80000, 0x0000000100000000)
  eden space 20992K, 0% used [0x00000000eab00000,0x00000000eab00000,0x00000000ebf80000)
  from space 3072K, 99% used [0x00000000ebf80000,0x00000000ec27a458,0x00000000ec280000)
  to   space 6656K, 0% used [0x00000000ec600000,0x00000000ec600000,0x00000000ecc80000)
 ParOldGen       total 68608K, used 48598K [0x00000000c0000000, 0x00000000c4300000, 0x00000000eab00000)
  object space 68608K, 70% used [0x00000000c0000000,0x00000000c2f75800,0x00000000c4300000)
 Metaspace       used 65429K, committed 66624K, reserved 1114112K
  class space    used 6975K, committed 7488K, reserved 1048576K
}
Event: 68.710 GC heap before
{Heap before GC invocations=39 (full 3):
 PSYoungGen      total 24064K, used 24041K [0x00000000eab00000, 0x00000000ecc80000, 0x0000000100000000)
  eden space 20992K, 99% used [0x00000000eab00000,0x00000000ebf7ffe8,0x00000000ebf80000)
  from space 3072K, 99% used [0x00000000ebf80000,0x00000000ec27a458,0x00000000ec280000)
  to   space 6656K, 0% used [0x00000000ec600000,0x00000000ec600000,0x00000000ecc80000)
 ParOldGen       total 68608K, used 48598K [0x00000000c0000000, 0x00000000c4300000, 0x00000000eab00000)
  object space 68608K, 70% used [0x00000000c0000000,0x00000000c2f75800,0x00000000c4300000)
 Metaspace       used 65797K, committed 67008K, reserved 1114112K
  class space    used 7020K, committed 7552K, reserved 1048576K
}
Event: 68.735 GC heap after
{Heap after GC invocations=39 (full 3):
 PSYoungGen      total 25088K, used 3637K [0x00000000eab00000, 0x00000000eca00000, 0x0000000100000000)
  eden space 20992K, 0% used [0x00000000eab00000,0x00000000eab00000,0x00000000ebf80000)
  from space 4096K, 88% used [0x00000000ec600000,0x00000000ec98d460,0x00000000eca00000)
  to   space 4608K, 0% used [0x00000000ec100000,0x00000000ec100000,0x00000000ec580000)
 ParOldGen       total 68608K, used 51518K [0x00000000c0000000, 0x00000000c4300000, 0x00000000eab00000)
  object space 68608K, 75% used [0x00000000c0000000,0x00000000c324fa08,0x00000000c4300000)
 Metaspace       used 65797K, committed 67008K, reserved 1114112K
  class space    used 7020K, committed 7552K, reserved 1048576K
}
Event: 70.263 GC heap before
{Heap before GC invocations=40 (full 3):
 PSYoungGen      total 25088K, used 24628K [0x00000000eab00000, 0x00000000eca00000, 0x0000000100000000)
  eden space 20992K, 99% used [0x00000000eab00000,0x00000000ebf7ff20,0x00000000ebf80000)
  from space 4096K, 88% used [0x00000000ec600000,0x00000000ec98d460,0x00000000eca00000)
  to   space 4608K, 0% used [0x00000000ec100000,0x00000000ec100000,0x00000000ec580000)
 ParOldGen       total 68608K, used 51518K [0x00000000c0000000, 0x00000000c4300000, 0x00000000eab00000)
  object space 68608K, 75% used [0x00000000c0000000,0x00000000c324fa08,0x00000000c4300000)
 Metaspace       used 66216K, committed 67392K, reserved 1114112K
  class space    used 7067K, committed 7616K, reserved 1048576K
}
Event: 70.293 GC heap after
{Heap after GC invocations=40 (full 3):
 PSYoungGen      total 24064K, used 2716K [0x00000000eab00000, 0x00000000ec680000, 0x0000000100000000)
  eden space 20992K, 0% used [0x00000000eab00000,0x00000000eab00000,0x00000000ebf80000)
  from space 3072K, 88% used [0x00000000ec100000,0x00000000ec3a71a8,0x00000000ec400000)
  to   space 2560K, 0% used [0x00000000ec400000,0x00000000ec400000,0x00000000ec680000)
 ParOldGen       total 68608K, used 54999K [0x00000000c0000000, 0x00000000c4300000, 0x00000000eab00000)
  object space 68608K, 80% used [0x00000000c0000000,0x00000000c35b5e60,0x00000000c4300000)
 Metaspace       used 66216K, committed 67392K, reserved 1114112K
  class space    used 7067K, committed 7616K, reserved 1048576K
}
Event: 73.145 GC heap before
{Heap before GC invocations=41 (full 3):
 PSYoungGen      total 24064K, used 23708K [0x00000000eab00000, 0x00000000ec680000, 0x0000000100000000)
  eden space 20992K, 100% used [0x00000000eab00000,0x00000000ebf80000,0x00000000ebf80000)
  from space 3072K, 88% used [0x00000000ec100000,0x00000000ec3a71a8,0x00000000ec400000)
  to   space 2560K, 0% used [0x00000000ec400000,0x00000000ec400000,0x00000000ec680000)
 ParOldGen       total 68608K, used 54999K [0x00000000c0000000, 0x00000000c4300000, 0x00000000eab00000)
  object space 68608K, 80% used [0x00000000c0000000,0x00000000c35b5e60,0x00000000c4300000)
 Metaspace       used 67897K, committed 69056K, reserved 1114112K
  class space    used 7240K, committed 7744K, reserved 1048576K
}
Event: 73.294 GC heap after
{Heap after GC invocations=41 (full 3):
 PSYoungGen      total 23552K, used 2549K [0x00000000eab00000, 0x00000000ec680000, 0x0000000100000000)
  eden space 20992K, 0% used [0x00000000eab00000,0x00000000eab00000,0x00000000ebf80000)
  from space 2560K, 99% used [0x00000000ec400000,0x00000000ec67d7a0,0x00000000ec680000)
  to   space 3072K, 0% used [0x00000000ec080000,0x00000000ec080000,0x00000000ec380000)
 ParOldGen       total 68608K, used 57580K [0x00000000c0000000, 0x00000000c4300000, 0x00000000eab00000)
  object space 68608K, 83% used [0x00000000c0000000,0x00000000c383b178,0x00000000c4300000)
 Metaspace       used 67897K, committed 69056K, reserved 1114112K
  class space    used 7240K, committed 7744K, reserved 1048576K
}

